This is pdfTeX, Version 3.141592653-2.6-1.40.25 (MiKTeX 23.10) (preloaded format=pdflatex 2023.10.12)  20 AUG 2024 14:55
entering extended mode
 restricted \write18 enabled.
 %&-line parsing enabled.
**./rapport_stage.tex
(rapport_stage.tex
LaTeX2e <2023-06-01> patch level 1
L3 programming layer <2023-08-29>

(C:\Users\Vincent Callegari\AppData\Local\Programs\MiKTeX\tex/latex/base\articl
e.cls
Document Class: article 2023/05/17 v1.4n Standard LaTeX document class

(C:\Users\Vincent Callegari\AppData\Local\Programs\MiKTeX\tex/latex/base\size10
.clo
File: size10.clo 2023/05/17 v1.4n Standard LaTeX file (size option)
)
\c@part=\count185
\c@section=\count186
\c@subsection=\count187
\c@subsubsection=\count188
\c@paragraph=\count189
\c@subparagraph=\count190
\c@figure=\count191
\c@table=\count192
\abovecaptionskip=\skip48
\belowcaptionskip=\skip49
\bibindent=\dimen140
)
(C:\Users\Vincent Callegari\AppData\Local\Programs\MiKTeX\tex/latex/amsfonts\am
ssymb.sty
Package: amssymb 2013/01/14 v3.01 AMS font symbols

(C:\Users\Vincent Callegari\AppData\Local\Programs\MiKTeX\tex/latex/amsfonts\am
sfonts.sty
Package: amsfonts 2013/01/14 v3.01 Basic AMSFonts support
\@emptytoks=\toks17
\symAMSa=\mathgroup4
\symAMSb=\mathgroup5
LaTeX Font Info:    Redeclaring math symbol \hbar on input line 98.
LaTeX Font Info:    Overwriting math alphabet `\mathfrak' in version `bold'
(Font)                  U/euf/m/n --> U/euf/b/n on input line 106.
))
(C:\Users\Vincent Callegari\AppData\Local\Programs\MiKTeX\tex/latex/amsmath\ams
math.sty
Package: amsmath 2023/05/13 v2.17o AMS math features
\@mathmargin=\skip50

For additional information on amsmath, use the `?' option.

(C:\Users\Vincent Callegari\AppData\Local\Programs\MiKTeX\tex/latex/amsmath\ams
text.sty
Package: amstext 2021/08/26 v2.01 AMS text

(C:\Users\Vincent Callegari\AppData\Local\Programs\MiKTeX\tex/latex/amsmath\ams
gen.sty
File: amsgen.sty 1999/11/30 v2.0 generic functions
\@emptytoks=\toks18
\ex@=\dimen141
))
(C:\Users\Vincent Callegari\AppData\Local\Programs\MiKTeX\tex/latex/amsmath\ams
bsy.sty
Package: amsbsy 1999/11/29 v1.2d Bold Symbols
\pmbraise@=\dimen142
)
(C:\Users\Vincent Callegari\AppData\Local\Programs\MiKTeX\tex/latex/amsmath\ams
opn.sty
Package: amsopn 2022/04/08 v2.04 operator names
)
\inf@bad=\count193
LaTeX Info: Redefining \frac on input line 234.
\uproot@=\count194
\leftroot@=\count195
LaTeX Info: Redefining \overline on input line 399.
LaTeX Info: Redefining \colon on input line 410.
\classnum@=\count196
\DOTSCASE@=\count197
LaTeX Info: Redefining \ldots on input line 496.
LaTeX Info: Redefining \dots on input line 499.
LaTeX Info: Redefining \cdots on input line 620.
\Mathstrutbox@=\box51
\strutbox@=\box52
LaTeX Info: Redefining \big on input line 722.
LaTeX Info: Redefining \Big on input line 723.
LaTeX Info: Redefining \bigg on input line 724.
LaTeX Info: Redefining \Bigg on input line 725.
\big@size=\dimen143
LaTeX Font Info:    Redeclaring font encoding OML on input line 743.
LaTeX Font Info:    Redeclaring font encoding OMS on input line 744.
\macc@depth=\count198
LaTeX Info: Redefining \bmod on input line 905.
LaTeX Info: Redefining \pmod on input line 910.
LaTeX Info: Redefining \smash on input line 940.
LaTeX Info: Redefining \relbar on input line 970.
LaTeX Info: Redefining \Relbar on input line 971.
\c@MaxMatrixCols=\count199
\dotsspace@=\muskip16
\c@parentequation=\count266
\dspbrk@lvl=\count267
\tag@help=\toks19
\row@=\count268
\column@=\count269
\maxfields@=\count270
\andhelp@=\toks20
\eqnshift@=\dimen144
\alignsep@=\dimen145
\tagshift@=\dimen146
\tagwidth@=\dimen147
\totwidth@=\dimen148
\lineht@=\dimen149
\@envbody=\toks21
\multlinegap=\skip51
\multlinetaggap=\skip52
\mathdisplay@stack=\toks22
LaTeX Info: Redefining \[ on input line 2953.
LaTeX Info: Redefining \] on input line 2954.
)
(C:\Users\Vincent Callegari\AppData\Local\Programs\MiKTeX\tex/latex/graphics\gr
aphicx.sty
Package: graphicx 2021/09/16 v1.2d Enhanced LaTeX Graphics (DPC,SPQR)

(C:\Users\Vincent Callegari\AppData\Local\Programs\MiKTeX\tex/latex/graphics\ke
yval.sty
Package: keyval 2022/05/29 v1.15 key=value parser (DPC)
\KV@toks@=\toks23
)
(C:\Users\Vincent Callegari\AppData\Local\Programs\MiKTeX\tex/latex/graphics\gr
aphics.sty
Package: graphics 2022/03/10 v1.4e Standard LaTeX Graphics (DPC,SPQR)

(C:\Users\Vincent Callegari\AppData\Local\Programs\MiKTeX\tex/latex/graphics\tr
ig.sty
Package: trig 2021/08/11 v1.11 sin cos tan (DPC)
)
(C:\Users\Vincent Callegari\AppData\Local\Programs\MiKTeX\tex/latex/graphics-cf
g\graphics.cfg
File: graphics.cfg 2016/06/04 v1.11 sample graphics configuration
)
Package graphics Info: Driver file: pdftex.def on input line 107.

(C:\Users\Vincent Callegari\AppData\Local\Programs\MiKTeX\tex/latex/graphics-de
f\pdftex.def
File: pdftex.def 2022/09/22 v1.2b Graphics/color driver for pdftex
))
\Gin@req@height=\dimen150
\Gin@req@width=\dimen151
)
(C:\Users\Vincent Callegari\AppData\Local\Programs\MiKTeX\tex/latex/l3backend\l
3backend-pdftex.def
File: l3backend-pdftex.def 2023-04-19 L3 backend support: PDF output (pdfTeX)
\l__color_backend_stack_int=\count271
\l__pdf_internal_box=\box53
)
No file rapport_stage.aux.
\openout1 = `rapport_stage.aux'.

LaTeX Font Info:    Checking defaults for OML/cmm/m/it on input line 13.
LaTeX Font Info:    ... okay on input line 13.
LaTeX Font Info:    Checking defaults for OMS/cmsy/m/n on input line 13.
LaTeX Font Info:    ... okay on input line 13.
LaTeX Font Info:    Checking defaults for OT1/cmr/m/n on input line 13.
LaTeX Font Info:    ... okay on input line 13.
LaTeX Font Info:    Checking defaults for T1/cmr/m/n on input line 13.
LaTeX Font Info:    ... okay on input line 13.
LaTeX Font Info:    Checking defaults for TS1/cmr/m/n on input line 13.
LaTeX Font Info:    ... okay on input line 13.
LaTeX Font Info:    Checking defaults for OMX/cmex/m/n on input line 13.
LaTeX Font Info:    ... okay on input line 13.
LaTeX Font Info:    Checking defaults for U/cmr/m/n on input line 13.
LaTeX Font Info:    ... okay on input line 13.

(C:\Users\Vincent Callegari\AppData\Local\Programs\MiKTeX\tex/context/base/mkii
\supp-pdf.mkii
[Loading MPS to PDF converter (version 2006.09.02).]
\scratchcounter=\count272
\scratchdimen=\dimen152
\scratchbox=\box54
\nofMPsegments=\count273
\nofMParguments=\count274
\everyMPshowfont=\toks24
\MPscratchCnt=\count275
\MPscratchDim=\dimen153
\MPnumerator=\count276
\makeMPintoPDFobject=\count277
\everyMPtoPDFconversion=\toks25
)
(C:\Users\Vincent Callegari\AppData\Local\Programs\MiKTeX\tex/latex/epstopdf-pk
g\epstopdf-base.sty
Package: epstopdf-base 2020-01-24 v2.11 Base part for package epstopdf
Package epstopdf-base Info: Redefining graphics rule for `.eps' on input line 4
85.

(C:\Users\Vincent Callegari\AppData\Local\Programs\MiKTeX\tex/latex/00miktex\ep
stopdf-sys.cfg
File: epstopdf-sys.cfg 2021/03/18 v2.0 Configuration of epstopdf for MiKTeX
))
LaTeX Font Info:    Trying to load font information for U+msa on input line 14.


(C:\Users\Vincent Callegari\AppData\Local\Programs\MiKTeX\tex/latex/amsfonts\um
sa.fd
File: umsa.fd 2013/01/14 v3.01 AMS symbols A
)
LaTeX Font Info:    Trying to load font information for U+msb on input line 14.


(C:\Users\Vincent Callegari\AppData\Local\Programs\MiKTeX\tex/latex/amsfonts\um
sb.fd
File: umsb.fd 2013/01/14 v3.01 AMS symbols B
) [1

{C:/Users/Vincent Callegari/AppData/Local/MiKTeX/fonts/map/pdftex/pdftex.map}]
No file rapport_stage.toc.
\tf@toc=\write3
\openout3 = `rapport_stage.toc'.

[2] [3] [4]
Underfull \hbox (badness 10000) in paragraph at lines 68--69

 []

<images/observations_main.png, id=19, 403.55568pt x 197.34528pt>
File: images/observations_main.png Graphic file (type png)
<use images/observations_main.png>
Package pdftex.def Info: images/observations_main.png  used on input line 74.
(pdftex.def)             Requested size: 284.52756pt x 139.1465pt.
[5 <./images/observations_main.png>]
Overfull \hbox (0.2783pt too wide) in paragraph at lines 85--86
[]\OT1/cmr/m/n/10 simuler la dy-namique du syst^^Reme ^^Ra trois corps Soleil L
une Terre (l'influence
 []


Underfull \hbox (badness 10000) in paragraph at lines 91--96

 []


Underfull \hbox (badness 10000) in paragraph at lines 91--96

 []


LaTeX Warning: Command \` invalid in math mode on input line 97.

! Please use \mathaccent for accents in math mode.
\add@accent ... \let \ignorespaces \relax \accent 
                                                  #1 #2\egroup \ifmmode \els...
l.97 ... a permis de mettre en évidence un $3^{è
                                                  me}$ point de l'orbite lun...
I'm changing \accent to \mathaccent here; wish me luck.
(Accents are not the same in formulas as they are in text.)


LaTeX Warning: File `images/observation_Obs.png' not found on input line 99.


! Package pdftex.def Error: File `images/observation_Obs.png' not found: using 
draft setting.

See the pdftex.def package documentation for explanation.
Type  H <return>  for immediate help.
 ...                                              
                                                  
l.99 ...h=1\textwidth]{images/observation_Obs.png}
                                                  
Try typing  <return>  to proceed.
If that doesn't work, type  X <return>  to quit.


LaTeX Warning: `h' float specifier changed to `ht'.

[6] [7]
Overfull \hbox (0.2783pt too wide) in paragraph at lines 119--120
[]\OT1/cmr/m/n/10 simuler la dy-namique du syst^^Reme ^^Ra trois corps Soleil L
une Terre (l'influence
 []

[8] [9] [10] (rapport_stage.aux)
 ***********
LaTeX2e <2023-06-01> patch level 1
L3 programming layer <2023-08-29>
 ***********
 ) 
Here is how much of TeX's memory you used:
 2590 strings out of 475247
 39181 string characters out of 5752091
 1928785 words of memory out of 5000000
 24115 multiletter control sequences out of 15000+600000
 566127 words of font info for 68 fonts, out of 8000000 for 9000
 1141 hyphenation exceptions out of 8191
 57i,6n,65p,1465b,286s stack positions out of 10000i,1000n,20000p,200000b,200000s
 <C:\Users\Vincent Callegari\AppData\Local\MiKTeX\fonts/pk/ljfour/jknappen/ec
/dpi600\tcrm1000.pk><C:/Users/Vincent Callegari/AppData/Local/Programs/MiKTeX/f
onts/type1/public/amsfonts/cm/cmbx12.pfb><C:/Users/Vincent Callegari/AppData/Lo
cal/Programs/MiKTeX/fonts/type1/public/amsfonts/cm/cmmi10.pfb><C:/Users/Vincent
 Callegari/AppData/Local/Programs/MiKTeX/fonts/type1/public/amsfonts/cm/cmmi7.p
fb><C:/Users/Vincent Callegari/AppData/Local/Programs/MiKTeX/fonts/type1/public
/amsfonts/cm/cmr10.pfb><C:/Users/Vincent Callegari/AppData/Local/Programs/MiKTe
X/fonts/type1/public/amsfonts/cm/cmr12.pfb><C:/Users/Vincent Callegari/AppData/
Local/Programs/MiKTeX/fonts/type1/public/amsfonts/cm/cmr17.pfb><C:/Users/Vincen
t Callegari/AppData/Local/Programs/MiKTeX/fonts/type1/public/amsfonts/cm/cmr7.p
fb><C:/Users/Vincent Callegari/AppData/Local/Programs/MiKTeX/fonts/type1/public
/amsfonts/cm/cmtt10.pfb>
Output written on rapport_stage.pdf (10 pages, 266044 bytes).
PDF statistics:
 83 PDF objects out of 1000 (max. 8388607)
 0 named destinations out of 1000 (max. 500000)
 6 words of extra memory for PDF output out of 10000 (max. 10000000)

